# JRE version: Java(TM) SE Runtime Environment (14.0.1+7) (build 14.0.1+7)
# Java VM: Java HotSpot(TM) 64-Bit Server VM (14.0.1+7, mixed mode, sharing, tiered, compressed oops, g1 gc, windows-amd64)
Heap:
 garbage-first heap   total 240640K, used 139233K [0x0000000080000000, 0x0000000100000000)
  region size 1024K, 33 young (33792K), 6 survivors (6144K)
 Metaspace       used 89531K, capacity 91817K, committed 92112K, reserved 1132544K
  class space    used 11485K, capacity 12316K, committed 12364K, reserved 1048576K
GC Heap History (20 events):
Event: 743.466 GC heap before
{Heap before GC invocations=69 (full 0):
 garbage-first heap   total 225280K, used 192032K [0x0000000080000000, 0x0000000100000000)
  region size 1024K, 89 young (91136K), 1 survivors (1024K)
 Metaspace       used 85164K, capacity 87266K, committed 87376K, reserved 1124352K
  class space    used 10930K, capacity 11671K, committed 11724K, reserved 1048576K
}
Event: 743.472 GC heap after
{Heap after GC invocations=70 (full 0):
 garbage-first heap   total 225280K, used 103735K [0x0000000080000000, 0x0000000100000000)
  region size 1024K, 2 young (2048K), 2 survivors (2048K)
 Metaspace       used 85164K, capacity 87266K, committed 87376K, reserved 1124352K
  class space    used 10930K, capacity 11671K, committed 11724K, reserved 1048576K
}
Event: 746.319 GC heap before
{Heap before GC invocations=71 (full 0):
 garbage-first heap   total 225280K, used 192823K [0x0000000080000000, 0x0000000100000000)
  region size 1024K, 90 young (92160K), 2 survivors (2048K)
 Metaspace       used 85235K, capacity 87395K, committed 87632K, reserved 1126400K
  class space    used 10930K, capacity 11671K, committed 11724K, reserved 1048576K
}
Event: 746.333 GC heap after
{Heap after GC invocations=72 (full 0):
 garbage-first heap   total 225280K, used 112464K [0x0000000080000000, 0x0000000100000000)
  region size 1024K, 11 young (11264K), 11 survivors (11264K)
 Metaspace       used 85235K, capacity 87395K, committed 87632K, reserved 1126400K
  class space    used 10930K, capacity 11671K, committed 11724K, reserved 1048576K
}
Event: 757.345 GC heap before
{Heap before GC invocations=72 (full 0):
 garbage-first heap   total 225280K, used 186192K [0x0000000080000000, 0x0000000100000000)
  region size 1024K, 84 young (86016K), 11 survivors (11264K)
 Metaspace       used 85384K, capacity 87546K, committed 87632K, reserved 1126400K
  class space    used 10941K, capacity 11691K, committed 11724K, reserved 1048576K
}
Event: 757.352 GC heap after
{Heap after GC invocations=73 (full 0):
 garbage-first heap   total 225280K, used 105760K [0x0000000080000000, 0x0000000100000000)
  region size 1024K, 3 young (3072K), 3 survivors (3072K)
 Metaspace       used 85384K, capacity 87546K, committed 87632K, reserved 1126400K
  class space    used 10941K, capacity 11691K, committed 11724K, reserved 1048576K
}
Event: 758.595 GC heap before
{Heap before GC invocations=74 (full 0):
 garbage-first heap   total 225280K, used 188704K [0x0000000080000000, 0x0000000100000000)
  region size 1024K, 85 young (87040K), 3 survivors (3072K)
 Metaspace       used 85649K, capacity 87766K, committed 87888K, reserved 1126400K
  class space    used 10954K, capacity 11714K, committed 11724K, reserved 1048576K
}
Event: 758.607 GC heap after
{Heap after GC invocations=75 (full 0):
 garbage-first heap   total 225280K, used 111289K [0x0000000080000000, 0x0000000100000000)
  region size 1024K, 9 young (9216K), 9 survivors (9216K)
 Metaspace       used 85649K, capacity 87766K, committed 87888K, reserved 1126400K
  class space    used 10954K, capacity 11714K, committed 11724K, reserved 1048576K
}
Event: 759.082 GC heap before
{Heap before GC invocations=75 (full 0):
 garbage-first heap   total 225280K, used 186041K [0x0000000080000000, 0x0000000100000000)
  region size 1024K, 83 young (84992K), 9 survivors (9216K)
 Metaspace       used 85681K, capacity 87852K, committed 87888K, reserved 1126400K
  class space    used 10959K, capacity 11721K, committed 11724K, reserved 1048576K
}
Event: 759.094 GC heap after
{Heap after GC invocations=76 (full 0):
 garbage-first heap   total 225280K, used 113409K [0x0000000080000000, 0x0000000100000000)
  region size 1024K, 3 young (3072K), 3 survivors (3072K)
 Metaspace       used 85681K, capacity 87852K, committed 87888K, reserved 1126400K
  class space    used 10959K, capacity 11721K, committed 11724K, reserved 1048576K
}
Event: 759.857 GC heap before
{Heap before GC invocations=77 (full 0):
 garbage-first heap   total 240640K, used 186113K [0x0000000080000000, 0x0000000100000000)
  region size 1024K, 75 young (76800K), 3 survivors (3072K)
 Metaspace       used 85804K, capacity 87927K, committed 88144K, reserved 1126400K
  class space    used 10963K, capacity 11724K, committed 11724K, reserved 1048576K
}
Event: 759.862 GC heap after
{Heap after GC invocations=78 (full 0):
 garbage-first heap   total 240640K, used 113478K [0x0000000080000000, 0x0000000100000000)
  region size 1024K, 3 young (3072K), 3 survivors (3072K)
 Metaspace       used 85804K, capacity 87927K, committed 88144K, reserved 1126400K
  class space    used 10963K, capacity 11724K, committed 11724K, reserved 1048576K
}
Event: 760.203 GC heap before
{Heap before GC invocations=78 (full 0):
 garbage-first heap   total 240640K, used 202566K [0x0000000080000000, 0x0000000100000000)
  region size 1024K, 91 young (93184K), 3 survivors (3072K)
 Metaspace       used 85814K, capacity 87929K, committed 88144K, reserved 1126400K
  class space    used 10963K, capacity 11724K, committed 11724K, reserved 1048576K
}
Event: 760.210 GC heap after
{Heap after GC invocations=79 (full 0):
 garbage-first heap   total 240640K, used 114766K [0x0000000080000000, 0x0000000100000000)
  region size 1024K, 4 young (4096K), 4 survivors (4096K)
 Metaspace       used 85814K, capacity 87929K, committed 88144K, reserved 1126400K
  class space    used 10963K, capacity 11724K, committed 11724K, reserved 1048576K
}
Event: 761.425 GC heap before
{Heap before GC invocations=80 (full 0):
 garbage-first heap   total 240640K, used 204878K [0x0000000080000000, 0x0000000100000000)
  region size 1024K, 92 young (94208K), 4 survivors (4096K)
 Metaspace       used 86563K, capacity 88831K, committed 89168K, reserved 1126400K
  class space    used 11065K, capacity 11874K, committed 11980K, reserved 1048576K
}
Event: 761.439 GC heap after
{Heap after GC invocations=81 (full 0):
 garbage-first heap   total 240640K, used 120614K [0x0000000080000000, 0x0000000100000000)
  region size 1024K, 9 young (9216K), 9 survivors (9216K)
 Metaspace       used 86563K, capacity 88831K, committed 89168K, reserved 1126400K
  class space    used 11065K, capacity 11874K, committed 11980K, reserved 1048576K
}
Event: 761.449 GC heap before
{Heap before GC invocations=81 (full 0):
 garbage-first heap   total 240640K, used 122662K [0x0000000080000000, 0x0000000100000000)
  region size 1024K, 11 young (11264K), 9 survivors (9216K)
 Metaspace       used 86563K, capacity 88831K, committed 89168K, reserved 1126400K
  class space    used 11065K, capacity 11874K, committed 11980K, reserved 1048576K
}
Event: 761.491 GC heap after
{Heap after GC invocations=82 (full 0):
 garbage-first heap   total 240640K, used 108564K [0x0000000080000000, 0x0000000100000000)
  region size 1024K, 2 young (2048K), 2 survivors (2048K)
 Metaspace       used 86563K, capacity 88831K, committed 89168K, reserved 1126400K
  class space    used 11065K, capacity 11874K, committed 11980K, reserved 1048576K
}
Event: 763.072 GC heap before
{Heap before GC invocations=82 (full 0):
 garbage-first heap   total 240640K, used 201748K [0x0000000080000000, 0x0000000100000000)
  region size 1024K, 94 young (96256K), 2 survivors (2048K)
 Metaspace       used 88710K, capacity 90954K, committed 91216K, reserved 1128448K
  class space    used 11380K, capacity 12200K, committed 12236K, reserved 1048576K
}
Event: 763.085 GC heap after
{Heap after GC invocations=83 (full 0):
 garbage-first heap   total 240640K, used 112609K [0x0000000080000000, 0x0000000100000000)
  region size 1024K, 6 young (6144K), 6 survivors (6144K)
 Metaspace       used 88710K, capacity 90954K, committed 91216K, reserved 1128448K
  class space    used 11380K, capacity 12200K, committed 12236K, reserved 1048576K
}

