# JRE version: Java(TM) SE Runtime Environment (14.0.1+7) (build 14.0.1+7)
# Java VM: Java HotSpot(TM) 64-Bit Server VM (14.0.1+7, mixed mode, sharing, tiered, compressed oops, g1 gc, windows-amd64)
Heap:
 garbage-first heap   total 454656K, used 197152K [0x0000000080000000, 0x0000000100000000)
  region size 1024K, 54 young (55296K), 12 survivors (12288K)
 Metaspace       used 128198K, capacity 132889K, committed 137340K, reserved 1169408K
  class space    used 15896K, capacity 17573K, committed 18432K, reserved 1048576K
GC Heap History (20 events):
Event: 2249.693 GC heap before
{Heap before GC invocations=249 (full 0):
 garbage-first heap   total 454656K, used 368247K [0x0000000080000000, 0x0000000100000000)
  region size 1024K, 239 young (244736K), 15 survivors (15360K)
 Metaspace       used 127547K, capacity 132229K, committed 137340K, reserved 1169408K
  class space    used 15880K, capacity 17584K, committed 18432K, reserved 1048576K
}
Event: 2249.715 GC heap after
{Heap after GC invocations=250 (full 0):
 garbage-first heap   total 454656K, used 145015K [0x0000000080000000, 0x0000000100000000)
  region size 1024K, 19 young (19456K), 19 survivors (19456K)
 Metaspace       used 127547K, capacity 132229K, committed 137340K, reserved 1169408K
  class space    used 15880K, capacity 17584K, committed 18432K, reserved 1048576K
}
Event: 2250.365 GC heap before
{Heap before GC invocations=251 (full 0):
 garbage-first heap   total 454656K, used 192119K [0x0000000080000000, 0x0000000100000000)
  region size 1024K, 61 young (62464K), 19 survivors (19456K)
 Metaspace       used 127500K, capacity 132129K, committed 137340K, reserved 1169408K
  class space    used 15865K, capacity 17556K, committed 18432K, reserved 1048576K
}
Event: 2250.389 GC heap after
{Heap after GC invocations=252 (full 0):
 garbage-first heap   total 454656K, used 143392K [0x0000000080000000, 0x0000000100000000)
  region size 1024K, 16 young (16384K), 16 survivors (16384K)
 Metaspace       used 127500K, capacity 132129K, committed 137340K, reserved 1169408K
  class space    used 15865K, capacity 17556K, committed 18432K, reserved 1048576K
}
Event: 2281.286 GC heap before
{Heap before GC invocations=253 (full 0):
 garbage-first heap   total 454656K, used 407584K [0x0000000080000000, 0x0000000100000000)
  region size 1024K, 246 young (251904K), 16 survivors (16384K)
 Metaspace       used 127524K, capacity 132193K, committed 137340K, reserved 1169408K
  class space    used 15865K, capacity 17556K, committed 18432K, reserved 1048576K
}
Event: 2281.303 GC heap after
{Heap after GC invocations=254 (full 0):
 garbage-first heap   total 454656K, used 137248K [0x0000000080000000, 0x0000000100000000)
  region size 1024K, 11 young (11264K), 11 survivors (11264K)
 Metaspace       used 127524K, capacity 132193K, committed 137340K, reserved 1169408K
  class space    used 15865K, capacity 17556K, committed 18432K, reserved 1048576K
}
Event: 2661.911 GC heap before
{Heap before GC invocations=254 (full 0):
 garbage-first heap   total 454656K, used 375840K [0x0000000080000000, 0x0000000100000000)
  region size 1024K, 245 young (250880K), 11 survivors (11264K)
 Metaspace       used 127606K, capacity 132321K, committed 137340K, reserved 1169408K
  class space    used 15865K, capacity 17556K, committed 18432K, reserved 1048576K
}
Event: 2661.924 GC heap after
{Heap after GC invocations=255 (full 0):
 garbage-first heap   total 454656K, used 134688K [0x0000000080000000, 0x0000000100000000)
  region size 1024K, 9 young (9216K), 9 survivors (9216K)
 Metaspace       used 127606K, capacity 132321K, committed 137340K, reserved 1169408K
  class space    used 15865K, capacity 17556K, committed 18432K, reserved 1048576K
}
Event: 2665.100 GC heap before
{Heap before GC invocations=256 (full 0):
 garbage-first heap   total 454656K, used 376352K [0x0000000080000000, 0x0000000100000000)
  region size 1024K, 246 young (251904K), 9 survivors (9216K)
 Metaspace       used 127629K, capacity 132336K, committed 137340K, reserved 1169408K
  class space    used 15866K, capacity 17558K, committed 18432K, reserved 1048576K
}
Event: 2665.136 GC heap after
{Heap after GC invocations=257 (full 0):
 garbage-first heap   total 454656K, used 138105K [0x0000000080000000, 0x0000000100000000)
  region size 1024K, 12 young (12288K), 12 survivors (12288K)
 Metaspace       used 127629K, capacity 132336K, committed 137340K, reserved 1169408K
  class space    used 15866K, capacity 17558K, committed 18432K, reserved 1048576K
}
Event: 2666.122 GC heap before
{Heap before GC invocations=257 (full 0):
 garbage-first heap   total 454656K, used 272249K [0x0000000080000000, 0x0000000100000000)
  region size 1024K, 145 young (148480K), 12 survivors (12288K)
 Metaspace       used 127633K, capacity 132336K, committed 137340K, reserved 1169408K
  class space    used 15866K, capacity 17558K, committed 18432K, reserved 1048576K
}
Event: 2666.139 GC heap after
{Heap after GC invocations=258 (full 0):
 garbage-first heap   total 454656K, used 140832K [0x0000000080000000, 0x0000000100000000)
  region size 1024K, 15 young (15360K), 15 survivors (15360K)
 Metaspace       used 127633K, capacity 132336K, committed 137340K, reserved 1169408K
  class space    used 15866K, capacity 17558K, committed 18432K, reserved 1048576K
}
Event: 2666.691 GC heap before
{Heap before GC invocations=259 (full 0):
 garbage-first heap   total 454656K, used 189984K [0x0000000080000000, 0x0000000100000000)
  region size 1024K, 57 young (58368K), 15 survivors (15360K)
 Metaspace       used 127639K, capacity 132336K, committed 137340K, reserved 1169408K
  class space    used 15866K, capacity 17558K, committed 18432K, reserved 1048576K
}
Event: 2666.715 GC heap after
{Heap after GC invocations=260 (full 0):
 garbage-first heap   total 454656K, used 143392K [0x0000000080000000, 0x0000000100000000)
  region size 1024K, 16 young (16384K), 16 survivors (16384K)
 Metaspace       used 127639K, capacity 132336K, committed 137340K, reserved 1169408K
  class space    used 15866K, capacity 17558K, committed 18432K, reserved 1048576K
}
Event: 2756.713 GC heap before
{Heap before GC invocations=261 (full 0):
 garbage-first heap   total 454656K, used 414752K [0x0000000080000000, 0x0000000100000000)
  region size 1024K, 253 young (259072K), 16 survivors (16384K)
 Metaspace       used 127679K, capacity 132336K, committed 137340K, reserved 1169408K
  class space    used 15866K, capacity 17558K, committed 18432K, reserved 1048576K
}
Event: 2756.734 GC heap after
{Heap after GC invocations=262 (full 0):
 garbage-first heap   total 454656K, used 138272K [0x0000000080000000, 0x0000000100000000)
  region size 1024K, 12 young (12288K), 12 survivors (12288K)
 Metaspace       used 127679K, capacity 132336K, committed 137340K, reserved 1169408K
  class space    used 15866K, capacity 17558K, committed 18432K, reserved 1048576K
}
Event: 2758.689 GC heap before
{Heap before GC invocations=262 (full 0):
 garbage-first heap   total 454656K, used 328736K [0x0000000080000000, 0x0000000100000000)
  region size 1024K, 200 young (204800K), 12 survivors (12288K)
 Metaspace       used 127767K, capacity 132505K, committed 137340K, reserved 1169408K
  class space    used 15876K, capacity 17576K, committed 18432K, reserved 1048576K
}
Event: 2758.705 GC heap after
{Heap after GC invocations=263 (full 0):
 garbage-first heap   total 454656K, used 141344K [0x0000000080000000, 0x0000000100000000)
  region size 1024K, 15 young (15360K), 15 survivors (15360K)
 Metaspace       used 127767K, capacity 132505K, committed 137340K, reserved 1169408K
  class space    used 15876K, capacity 17576K, committed 18432K, reserved 1048576K
}
Event: 3585.155 GC heap before
{Heap before GC invocations=264 (full 0):
 garbage-first heap   total 454656K, used 375840K [0x0000000080000000, 0x0000000100000000)
  region size 1024K, 208 young (212992K), 15 survivors (15360K)
 Metaspace       used 127812K, capacity 132509K, committed 137340K, reserved 1169408K
  class space    used 15876K, capacity 17576K, committed 18432K, reserved 1048576K
}
Event: 3585.177 GC heap after
{Heap after GC invocations=265 (full 0):
 garbage-first heap   total 454656K, used 138784K [0x0000000080000000, 0x0000000100000000)
  region size 1024K, 12 young (12288K), 12 survivors (12288K)
 Metaspace       used 127812K, capacity 132509K, committed 137340K, reserved 1169408K
  class space    used 15876K, capacity 17576K, committed 18432K, reserved 1048576K
}

